{
  "ok": true,
  "copied": 1,
  "skipped": 19,
  "index": "/home/koss/clawd/SECOND_BRAIN/transcripts/index.json"
}
{
  "ok": true,
  "copied": 1,
  "skipped": 19,
  "index": "/home/koss/clawd/SECOND_BRAIN/transcripts/index.json"
}
{
  "ok": true,
  "copied": 1,
  "skipped": 19,
  "index": "/home/koss/clawd/SECOND_BRAIN/transcripts/index.json"
}
{
  "ok": true,
  "copied": 0,
  "skipped": 20,
  "index": "/home/koss/clawd/SECOND_BRAIN/transcripts/index.json"
}
{
  "ok": true,
  "copied": 0,
  "skipped": 20,
  "index": "/home/koss/clawd/SECOND_BRAIN/transcripts/index.json"
}
{
  "ok": true,
  "copied": 0,
  "skipped": 20,
  "index": "/home/koss/clawd/SECOND_BRAIN/transcripts/index.json"
}
{
  "ok": true,
  "copied": 0,
  "skipped": 20,
  "index": "/home/koss/clawd/SECOND_BRAIN/transcripts/index.json"
}
{
  "ok": true,
  "copied": 0,
  "skipped": 20,
  "index": "/home/koss/clawd/SECOND_BRAIN/transcripts/index.json"
}
{
  "ok": true,
  "copied": 0,
  "skipped": 20,
  "index": "/home/koss/clawd/SECOND_BRAIN/transcripts/index.json"
}
{
  "ok": true,
  "copied": 0,
  "skipped": 20,
  "index": "/home/koss/clawd/SECOND_BRAIN/transcripts/index.json"
}
{
  "ok": true,
  "copied": 0,
  "skipped": 20,
  "index": "/home/koss/clawd/SECOND_BRAIN/transcripts/index.json"
}
{
  "ok": true,
  "copied": 0,
  "skipped": 20,
  "index": "/home/koss/clawd/SECOND_BRAIN/transcripts/index.json"
}
{
  "ok": true,
  "copied": 0,
  "skipped": 20,
  "index": "/home/koss/clawd/SECOND_BRAIN/transcripts/index.json"
}
{
  "ok": true,
  "copied": 1,
  "skipped": 19,
  "index": "/home/koss/clawd/SECOND_BRAIN/transcripts/index.json"
}
{
  "ok": true,
  "copied": 0,
  "skipped": 20,
  "index": "/home/koss/clawd/SECOND_BRAIN/transcripts/index.json"
}
{
  "ok": true,
  "copied": 2,
  "skipped": 19,
  "index": "/home/koss/clawd/SECOND_BRAIN/transcripts/index.json"
}
{
  "ok": true,
  "copied": 1,
  "skipped": 20,
  "index": "/home/koss/clawd/SECOND_BRAIN/transcripts/index.json"
}
{
  "ok": true,
  "copied": 0,
  "skipped": 21,
  "index": "/home/koss/clawd/SECOND_BRAIN/transcripts/index.json"
}
{
  "ok": true,
  "copied": 1,
  "skipped": 20,
  "index": "/home/koss/clawd/SECOND_BRAIN/transcripts/index.json"
}
{
  "ok": true,
  "copied": 1,
  "skipped": 20,
  "index": "/home/koss/clawd/SECOND_BRAIN/transcripts/index.json"
}
{
  "ok": true,
  "copied": 1,
  "skipped": 20,
  "index": "/home/koss/clawd/SECOND_BRAIN/transcripts/index.json"
}
{
  "ok": true,
  "copied": 1,
  "skipped": 20,
  "index": "/home/koss/clawd/SECOND_BRAIN/transcripts/index.json"
}
{
  "ok": true,
  "copied": 1,
  "skipped": 20,
  "index": "/home/koss/clawd/SECOND_BRAIN/transcripts/index.json"
}
{
  "ok": true,
  "copied": 0,
  "skipped": 21,
  "index": "/home/koss/clawd/SECOND_BRAIN/transcripts/index.json"
}
{
  "ok": true,
  "copied": 0,
  "skipped": 21,
  "index": "/home/koss/clawd/SECOND_BRAIN/transcripts/index.json"
}
{
  "ok": true,
  "copied": 0,
  "skipped": 21,
  "index": "/home/koss/clawd/SECOND_BRAIN/transcripts/index.json"
}
